<?xml version="1.0" encoding="UTF-8"?>
<!-- Generated by org.testng.reporters.JUnitReportReporter -->
<testsuite hostname="LAPTOP-ODMGLMFN" failures="0" tests="3" name="runnerFiles.RunTestNGTest" time="1.287" errors="0" timestamp="2021-01-25T01:17:06 CET" skipped="0">
  <testcase classname="runnerFiles.RunTestNGTest" name="runScenario" time="0.047"/>
  <system-out/>
  <testcase classname="runnerFiles.RunTestNGTest" name="runScenario" time="0.027"/>
  <system-out/>
  <testcase classname="runnerFiles.RunTestNGTest" name="runScenario" time="1.213"/>
  <system-out/>
</testsuite> <!-- runnerFiles.RunTestNGTest -->
